{"uid":"9e96f18369d1512e","name":"testInteractionComponent()","fullName":"ex2.sampler.interaction.tests.InteractionTest.testInteractionComponent","historyId":"d5eb0784c09f06c4aa0b9feaa949a213","time":{"start":1764938808003,"stop":1764938816093,"duration":8090},"description":"Test Suite 5 - Verificar componente de Interaction","descriptionHtml":"<p>Test Suite 5 - Verificar componente de Interaction</p>\n","status":"failed","statusMessage":"Invalid element state [By.xpath: //*[@id='listing']/div[1]/div/div/div[1]/div[2]/div[2]]: element click intercepted: Element <div class=\"gwt-HTML samplelink\">...</div> is not clickable at point (1245, 51). Other element would receive the click: <div class=\"gwt-HTML toplevelcategory-anchor\">...</div>\r\nScreenshot: file:/C:/Users/edwar/IdeaProjects/ficha5_selenium/build/reports/tests/1764938815895.0.png\r\nPage source: file:/C:/Users/edwar/IdeaProjects/ficha5_selenium/build/reports/tests/1764938815895.0.html\r\nTimeout: 4 s.\r\nCaused by: ElementClickInterceptedException: element click intercepted: Element <div class=\"gwt-HTML samplelink\">...</div> is not clickable at point (1245, 51). Other element would receive the click: <div class=\"gwt-HTML toplevelcategory-anchor\">...</div>","statusTrace":"Invalid element state [By.xpath: //*[@id='listing']/div[1]/div/div/div[1]/div[2]/div[2]]: element click intercepted: Element <div class=\"gwt-HTML samplelink\">...</div> is not clickable at point (1245, 51). Other element would receive the click: <div class=\"gwt-HTML toplevelcategory-anchor\">...</div>\r\nScreenshot: file:/C:/Users/edwar/IdeaProjects/ficha5_selenium/build/reports/tests/1764938815895.0.png\r\nPage source: file:/C:/Users/edwar/IdeaProjects/ficha5_selenium/build/reports/tests/1764938815895.0.html\r\nTimeout: 4 s.\r\nCaused by: ElementClickInterceptedException: element click intercepted: Element <div class=\"gwt-HTML samplelink\">...</div> is not clickable at point (1245, 51). Other element would receive the click: <div class=\"gwt-HTML toplevelcategory-anchor\">...</div>\r\n\tat com.codeborne.selenide.impl.ExceptionWrapper.wrap(ExceptionWrapper.java:19)\r\n\tat com.codeborne.selenide.impl.SelenideElementProxy.dispatchAndRetry(SelenideElementProxy.java:153)\r\n\tat com.codeborne.selenide.impl.SelenideElementProxy.invoke(SelenideElementProxy.java:83)\r\n\tat jdk.proxy1/jdk.proxy1.$Proxy11.click(Unknown Source)\r\n\tat ex2.sampler.interaction.pages.InteractionPage.clickInteractionButton(InteractionPage.java:24)\r\n\tat ex2.sampler.interaction.tests.InteractionTest.testInteractionComponent(InteractionTest.java:26)\r\n\tat java.base/java.lang.reflect.Method.invoke(Method.java:565)\r\n\tat java.base/java.util.ArrayList.forEach(ArrayList.java:1604)\r\n\tat java.base/java.util.ArrayList.forEach(ArrayList.java:1604)\r\nCaused by: org.openqa.selenium.ElementClickInterceptedException: element click intercepted: Element <div class=\"gwt-HTML samplelink\">...</div> is not clickable at point (1245, 51). Other element would receive the click: <div class=\"gwt-HTML toplevelcategory-anchor\">...</div>\n  (Session info: chrome=143.0.7499.40)\nBuild info: version: '4.26.0', revision: '8ccf0219d7'\nSystem info: os.name: 'Windows 11', os.arch: 'amd64', os.version: '10.0', java.version: '25'\nDriver info: org.openqa.selenium.chrome.ChromeDriver\nCommand: [08162316289f84a9bd0d0266912f4559, clickElement {id=f.48F02A2C2F16978C0D5F9D5937291D2F.d.4476183731FE368FD7076F3B8D2E2419.e.5}]\nCapabilities {acceptInsecureCerts: true, browserName: chrome, browserVersion: 143.0.7499.40, chrome: {chromedriverVersion: 143.0.7499.40 (c23ff452476d..., userDataDir: C:\\Users\\edwar\\AppData\\Loca...}, fedcm:accounts: true, goog:chromeOptions: {debuggerAddress: localhost:60896}, goog:processID: 18612, networkConnectionEnabled: false, pageLoadStrategy: normal, platformName: windows, proxy: Proxy(), se:cdp: ws://localhost:60896/devtoo..., se:cdpVersion: 143.0.7499.40, setWindowRect: true, strictFileInteractability: false, timeouts: {implicit: 0, pageLoad: 300000, script: 30000}, unhandledPromptBehavior: accept, webauthn:extension:credBlob: true, webauthn:extension:largeBlob: true, webauthn:extension:minPinLength: true, webauthn:extension:prf: true, webauthn:virtualAuthenticators: true}\nElement: [[ChromeDriver: chrome on windows (08162316289f84a9bd0d0266912f4559)] -> xpath: //*[@id='listing']/div[1]/div/div/div[1]/div[2]/div[2]]\nSession ID: 08162316289f84a9bd0d0266912f4559\r\n\tat java.base/jdk.internal.reflect.DirectConstructorHandleAccessor.newInstance(DirectConstructorHandleAccessor.java:62)\r\n\tat java.base/java.lang.reflect.Constructor.newInstanceWithCaller(Constructor.java:499)\r\n\tat java.base/java.lang.reflect.Constructor.newInstance(Constructor.java:483)\r\n\tat org.openqa.selenium.remote.ErrorCodec.decode(ErrorCodec.java:167)\r\n\tat org.openqa.selenium.remote.codec.w3c.W3CHttpResponseCodec.decode(W3CHttpResponseCodec.java:138)\r\n\tat org.openqa.selenium.remote.codec.w3c.W3CHttpResponseCodec.decode(W3CHttpResponseCodec.java:50)\r\n\tat org.openqa.selenium.remote.HttpCommandExecutor.execute(HttpCommandExecutor.java:190)\r\n\tat org.openqa.selenium.remote.service.DriverCommandExecutor.invokeExecute(DriverCommandExecutor.java:216)\r\n\tat org.openqa.selenium.remote.service.DriverCommandExecutor.execute(DriverCommandExecutor.java:174)\r\n\tat org.openqa.selenium.remote.RemoteWebDriver.execute(RemoteWebDriver.java:545)\r\n\tat org.openqa.selenium.remote.RemoteWebElement.execute(RemoteWebElement.java:223)\r\n\tat org.openqa.selenium.remote.RemoteWebElement.click(RemoteWebElement.java:76)\r\n\tat com.codeborne.selenide.commands.Click.defaultClick(Click.java:94)\r\n\tat com.codeborne.selenide.commands.Click.doClick(Click.java:72)\r\n\tat com.codeborne.selenide.commands.Click.click(Click.java:48)\r\n\tat com.codeborne.selenide.commands.Click.execute(Click.java:28)\r\n\tat com.codeborne.selenide.FluentCommand.execute(FluentCommand.java:23)\r\n\tat com.codeborne.selenide.FluentCommand.execute(FluentCommand.java:19)\r\n\tat com.codeborne.selenide.commands.Commands.execute(Commands.java:159)\r\n\tat com.codeborne.selenide.impl.SelenideElementProxy.dispatchAndRetry(SelenideElementProxy.java:131)\r\n\t... 7 more\r\n","flaky":false,"newFailed":false,"newBroken":false,"newPassed":false,"retriesCount":0,"retriesStatusChange":false,"beforeStages":[],"afterStages":[],"labels":[{"name":"junit.platform.uniqueid","value":"[engine:junit-jupiter]/[class:ex2.sampler.interaction.tests.InteractionTest]/[method:testInteractionComponent()]"},{"name":"host","value":"LAPTOP-9SVCAU7D"},{"name":"thread","value":"2376@LAPTOP-9SVCAU7D.main(3)"},{"name":"framework","value":"junit-platform"},{"name":"language","value":"java"},{"name":"package","value":"ex2.sampler.interaction.tests.InteractionTest"},{"name":"testClass","value":"ex2.sampler.interaction.tests.InteractionTest"},{"name":"testMethod","value":"testInteractionComponent"},{"name":"suite","value":"ex2.sampler.interaction.tests.InteractionTest"},{"name":"resultFormat","value":"allure2"}],"parameters":[],"links":[],"hidden":true,"retry":true,"extra":{"categories":[],"tags":[]},"source":"9e96f18369d1512e.json","parameterValues":[]}