{"uid":"f8a6b691a02638db","name":"testCheckboxChangesLabel()","fullName":"ex2.sampler.basicfeatures.tests.BasicFeaturesTests.testCheckboxChangesLabel","historyId":"202f13aa40d863e5bfaba8f84bb2fe02","time":{"start":1764933851231,"stop":1764933857914,"duration":6683},"description":"","status":"failed","statusMessage":"Element not found {By.xpath: //a[contains(normalize-space(), 'Basic features') or contains(normalize-space(), 'Basic Features')]}\r\nExpected: clickable: interactable and enabled\r\nScreenshot: file:/C:/Users/edwar/IdeaProjects/ficha5_selenium/build/reports/tests/1764933857652.1.png\r\nPage source: file:/C:/Users/edwar/IdeaProjects/ficha5_selenium/build/reports/tests/1764933857652.1.html\r\nTimeout: 6 s.\r\nCaused by: NoSuchElementException: no such element: Unable to locate element: {\"method\":\"xpath\",\"selector\":\"//a[contains(normalize-space(), 'Basic features') or contains(normalize-space(), 'Basic Features')]\"}","statusTrace":"Element not found {By.xpath: //a[contains(normalize-space(), 'Basic features') or contains(normalize-space(), 'Basic Features')]}\r\nExpected: clickable: interactable and enabled\r\nScreenshot: file:/C:/Users/edwar/IdeaProjects/ficha5_selenium/build/reports/tests/1764933857652.1.png\r\nPage source: file:/C:/Users/edwar/IdeaProjects/ficha5_selenium/build/reports/tests/1764933857652.1.html\r\nTimeout: 6 s.\r\nCaused by: NoSuchElementException: no such element: Unable to locate element: {\"method\":\"xpath\",\"selector\":\"//a[contains(normalize-space(), 'Basic features') or contains(normalize-space(), 'Basic Features')]\"}\r\n\tat com.codeborne.selenide.impl.WebElementSource.createElementNotFoundError(WebElementSource.java:68)\r\n\tat com.codeborne.selenide.impl.ElementFinder.createElementNotFoundError(ElementFinder.java:117)\r\n\tat com.codeborne.selenide.impl.WebElementSource.handleError(WebElementSource.java:119)\r\n\tat com.codeborne.selenide.impl.WebElementSource.checkConditionAndReturnElement(WebElementSource.java:102)\r\n\tat com.codeborne.selenide.impl.WebElementSource.findAndAssertElementIsClickable(WebElementSource.java:148)\r\n\tat com.codeborne.selenide.commands.Click.findElement(Click.java:42)\r\n\tat com.codeborne.selenide.commands.Click.execute(Click.java:28)\r\n\tat com.codeborne.selenide.FluentCommand.execute(FluentCommand.java:23)\r\n\tat com.codeborne.selenide.FluentCommand.execute(FluentCommand.java:19)\r\n\tat com.codeborne.selenide.commands.Commands.execute(Commands.java:159)\r\n\tat com.codeborne.selenide.impl.SelenideElementProxy.dispatchAndRetry(SelenideElementProxy.java:131)\r\n\tat com.codeborne.selenide.impl.SelenideElementProxy.invoke(SelenideElementProxy.java:83)\r\n\tat jdk.proxy1/jdk.proxy1.$Proxy10.click(Unknown Source)\r\n\tat ex2.sampler.basicfeatures.pages.SamplerHomePage.goToBasicFeatures(SamplerHomePage.java:19)\r\n\tat ex2.sampler.basicfeatures.tests.BasicFeaturesTests.testCheckboxChangesLabel(BasicFeaturesTests.java:30)\r\n\tat java.base/java.lang.reflect.Method.invoke(Method.java:565)\r\n\tat java.base/java.util.ArrayList.forEach(ArrayList.java:1604)\r\n\tat java.base/java.util.ArrayList.forEach(ArrayList.java:1604)\r\nCaused by: org.openqa.selenium.NoSuchElementException: no such element: Unable to locate element: {\"method\":\"xpath\",\"selector\":\"//a[contains(normalize-space(), 'Basic features') or contains(normalize-space(), 'Basic Features')]\"}\n  (Session info: chrome=143.0.7499.40)\nFor documentation on this error, please visit: https://www.selenium.dev/documentation/webdriver/troubleshooting/errors#no-such-element-exception\nBuild info: version: '4.25.0', revision: '8a8aea2337'\nSystem info: os.name: 'Windows 11', os.arch: 'amd64', os.version: '10.0', java.version: '25'\nDriver info: org.openqa.selenium.chrome.ChromeDriver\nCommand: [8418ffe3b1cf5ce4e3f6e4fb38ea6810, findElement {value=//a[contains(normalize-space(), 'Basic features') or contains(normalize-space(), 'Basic Features')], using=xpath}]\nCapabilities {acceptInsecureCerts: true, browserName: chrome, browserVersion: 143.0.7499.40, chrome: {chromedriverVersion: 143.0.7499.40 (c23ff452476d..., userDataDir: C:\\Users\\edwar\\AppData\\Loca...}, fedcm:accounts: true, goog:chromeOptions: {debuggerAddress: localhost:49280}, goog:processID: 2452, networkConnectionEnabled: false, pageLoadStrategy: normal, platformName: windows, proxy: Proxy(), se:cdp: ws://localhost:49280/devtoo..., se:cdpVersion: 143.0.7499.40, setWindowRect: true, strictFileInteractability: false, timeouts: {implicit: 0, pageLoad: 300000, script: 30000}, unhandledPromptBehavior: accept, webauthn:extension:credBlob: true, webauthn:extension:largeBlob: true, webauthn:extension:minPinLength: true, webauthn:extension:prf: true, webauthn:virtualAuthenticators: true}\nSession ID: 8418ffe3b1cf5ce4e3f6e4fb38ea6810\r\n\tat java.base/jdk.internal.reflect.DirectConstructorHandleAccessor.newInstance(DirectConstructorHandleAccessor.java:62)\r\n\tat java.base/java.lang.reflect.Constructor.newInstanceWithCaller(Constructor.java:499)\r\n\tat java.base/java.lang.reflect.Constructor.newInstance(Constructor.java:483)\r\n\tat org.openqa.selenium.remote.ErrorCodec.decode(ErrorCodec.java:167)\r\n\tat org.openqa.selenium.remote.codec.w3c.W3CHttpResponseCodec.decode(W3CHttpResponseCodec.java:138)\r\n\tat org.openqa.selenium.remote.codec.w3c.W3CHttpResponseCodec.decode(W3CHttpResponseCodec.java:50)\r\n\tat org.openqa.selenium.remote.HttpCommandExecutor.execute(HttpCommandExecutor.java:190)\r\n\tat org.openqa.selenium.remote.service.DriverCommandExecutor.invokeExecute(DriverCommandExecutor.java:216)\r\n\tat org.openqa.selenium.remote.service.DriverCommandExecutor.execute(DriverCommandExecutor.java:174)\r\n\tat org.openqa.selenium.remote.RemoteWebDriver.execute(RemoteWebDriver.java:545)\r\n\tat org.openqa.selenium.remote.ElementLocation$ElementFinder$2.findElement(ElementLocation.java:165)\r\n\tat org.openqa.selenium.remote.ElementLocation.findElement(ElementLocation.java:59)\r\n\tat org.openqa.selenium.remote.RemoteWebDriver.findElement(RemoteWebDriver.java:368)\r\n\tat org.openqa.selenium.remote.RemoteWebDriver.findElement(RemoteWebDriver.java:362)\r\n\tat com.codeborne.selenide.impl.WebElementSelector.findElement(WebElementSelector.java:64)\r\n\tat com.codeborne.selenide.impl.WebElementSelector.findElement(WebElementSelector.java:39)\r\n\tat com.codeborne.selenide.impl.WebElementSelector.findElement(WebElementSelector.java:30)\r\n\tat com.codeborne.selenide.impl.ElementFinder.getWebElement(ElementFinder.java:101)\r\n\tat com.codeborne.selenide.impl.WebElementSource.checkConditionAndReturnElement(WebElementSource.java:91)\r\n\t... 14 more\r\n","flaky":false,"newFailed":false,"newBroken":false,"newPassed":false,"retriesCount":0,"retriesStatusChange":false,"beforeStages":[],"afterStages":[],"labels":[{"name":"junit.platform.uniqueid","value":"[engine:junit-jupiter]/[class:ex2.sampler.basicfeatures.tests.BasicFeaturesTests]/[method:testCheckboxChangesLabel()]"},{"name":"host","value":"LAPTOP-9SVCAU7D"},{"name":"thread","value":"9188@LAPTOP-9SVCAU7D.main(3)"},{"name":"framework","value":"junit-platform"},{"name":"language","value":"java"},{"name":"package","value":"ex2.sampler.basicfeatures.tests.BasicFeaturesTests"},{"name":"testClass","value":"ex2.sampler.basicfeatures.tests.BasicFeaturesTests"},{"name":"testMethod","value":"testCheckboxChangesLabel"},{"name":"suite","value":"ex2.sampler.basicfeatures.tests.BasicFeaturesTests"},{"name":"resultFormat","value":"allure2"}],"parameters":[],"links":[],"hidden":true,"retry":true,"extra":{"categories":[],"tags":[]},"source":"f8a6b691a02638db.json","parameterValues":[]}