{"uid":"c964a118df5239b5","name":"testDataInputSubmission()","fullName":"test_suite6.tests.DataInputTest.testDataInputSubmission","historyId":"b6bc5183cdffa59ef2c72b5d596238d1","time":{"start":1764692484473,"stop":1764692503768,"duration":19295},"description":"","status":"failed","statusMessage":"Element not found {.v-richtextarea}\nExpected: visible\nScreenshot: file:/Users/halof/Documents/Java/ficha5_selenium/build/reports/tests/1764692503472.0.png\nPage source: file:/Users/halof/Documents/Java/ficha5_selenium/build/reports/tests/1764692503472.0.html\nTimeout: 15 s.\nCaused by: NoSuchElementException: no such element: Unable to locate element: {\"method\":\"css selector\",\"selector\":\".v-richtextarea\"}","statusTrace":"Element not found {.v-richtextarea}\nExpected: visible\nScreenshot: file:/Users/halof/Documents/Java/ficha5_selenium/build/reports/tests/1764692503472.0.png\nPage source: file:/Users/halof/Documents/Java/ficha5_selenium/build/reports/tests/1764692503472.0.html\nTimeout: 15 s.\nCaused by: NoSuchElementException: no such element: Unable to locate element: {\"method\":\"css selector\",\"selector\":\".v-richtextarea\"}\n\tat com.codeborne.selenide.impl.WebElementSource.createElementNotFoundError(WebElementSource.java:68)\n\tat com.codeborne.selenide.impl.ElementFinder.createElementNotFoundError(ElementFinder.java:117)\n\tat com.codeborne.selenide.impl.WebElementSource.handleError(WebElementSource.java:119)\n\tat com.codeborne.selenide.impl.WebElementSource.checkConditionAndReturnElement(WebElementSource.java:102)\n\tat com.codeborne.selenide.impl.WebElementSource.checkCondition(WebElementSource.java:78)\n\tat com.codeborne.selenide.commands.Should.execute(Should.java:24)\n\tat com.codeborne.selenide.FluentCommand.execute(FluentCommand.java:23)\n\tat com.codeborne.selenide.FluentCommand.execute(FluentCommand.java:19)\n\tat com.codeborne.selenide.commands.Commands.execute(Commands.java:159)\n\tat com.codeborne.selenide.impl.SelenideElementProxy.dispatchAndRetry(SelenideElementProxy.java:131)\n\tat com.codeborne.selenide.impl.SelenideElementProxy.invoke(SelenideElementProxy.java:83)\n\tat jdk.proxy1/jdk.proxy1.$Proxy13.shouldBe(Unknown Source)\n\tat test_suite6.pages.DataInputPage.openPage(DataInputPage.java:31)\n\tat test_suite6.tests.DataInputTest.testDataInputSubmission(DataInputTest.java:24)\n\tat java.base/java.lang.reflect.Method.invoke(Method.java:565)\n\tat java.base/java.util.ArrayList.forEach(ArrayList.java:1604)\n\tat java.base/java.util.ArrayList.forEach(ArrayList.java:1604)\nCaused by: org.openqa.selenium.NoSuchElementException: no such element: Unable to locate element: {\"method\":\"css selector\",\"selector\":\".v-richtextarea\"}\n  (Session info: chrome=142.0.7444.176)\nFor documentation on this error, please visit: https://www.selenium.dev/documentation/webdriver/troubleshooting/errors#no-such-element-exception\nBuild info: version: '4.25.0', revision: '8a8aea2337'\nSystem info: os.name: 'Mac OS X', os.arch: 'aarch64', os.version: '14.5', java.version: '25'\nDriver info: org.openqa.selenium.chrome.ChromeDriver\nCommand: [86dd27bb44df957046b3681b43ac12c5, findElement {using=css selector, value=.v-richtextarea}]\nCapabilities {acceptInsecureCerts: true, browserName: chrome, browserVersion: 142.0.7444.176, chrome: {chromedriverVersion: 142.0.7444.175 (302067f14a4..., userDataDir: /var/folders/v0/hn_12zyx2gq...}, fedcm:accounts: true, goog:chromeOptions: {debuggerAddress: localhost:60256}, goog:processID: 70115, networkConnectionEnabled: false, pageLoadStrategy: normal, platformName: mac, proxy: Proxy(), se:cdp: ws://localhost:60256/devtoo..., se:cdpVersion: 142.0.7444.176, setWindowRect: true, strictFileInteractability: false, timeouts: {implicit: 0, pageLoad: 300000, script: 30000}, unhandledPromptBehavior: accept, webauthn:extension:credBlob: true, webauthn:extension:largeBlob: true, webauthn:extension:minPinLength: true, webauthn:extension:prf: true, webauthn:virtualAuthenticators: true}\nSession ID: 86dd27bb44df957046b3681b43ac12c5\n\tat java.base/jdk.internal.reflect.DirectConstructorHandleAccessor.newInstance(DirectConstructorHandleAccessor.java:62)\n\tat java.base/java.lang.reflect.Constructor.newInstanceWithCaller(Constructor.java:499)\n\tat java.base/java.lang.reflect.Constructor.newInstance(Constructor.java:483)\n\tat org.openqa.selenium.remote.ErrorCodec.decode(ErrorCodec.java:167)\n\tat org.openqa.selenium.remote.codec.w3c.W3CHttpResponseCodec.decode(W3CHttpResponseCodec.java:138)\n\tat org.openqa.selenium.remote.codec.w3c.W3CHttpResponseCodec.decode(W3CHttpResponseCodec.java:50)\n\tat org.openqa.selenium.remote.HttpCommandExecutor.execute(HttpCommandExecutor.java:190)\n\tat org.openqa.selenium.remote.service.DriverCommandExecutor.invokeExecute(DriverCommandExecutor.java:216)\n\tat org.openqa.selenium.remote.service.DriverCommandExecutor.execute(DriverCommandExecutor.java:174)\n\tat org.openqa.selenium.remote.RemoteWebDriver.execute(RemoteWebDriver.java:545)\n\tat org.openqa.selenium.remote.ElementLocation$ElementFinder$2.findElement(ElementLocation.java:165)\n\tat org.openqa.selenium.remote.ElementLocation.findElement(ElementLocation.java:59)\n\tat org.openqa.selenium.remote.RemoteWebDriver.findElement(RemoteWebDriver.java:368)\n\tat org.openqa.selenium.remote.RemoteWebDriver.findElement(RemoteWebDriver.java:362)\n\tat com.codeborne.selenide.impl.WebElementSelector.findElement(WebElementSelector.java:64)\n\tat com.codeborne.selenide.impl.WebElementSelector.findElement(WebElementSelector.java:39)\n\tat com.codeborne.selenide.impl.WebElementSelector.findElement(WebElementSelector.java:30)\n\tat com.codeborne.selenide.impl.ElementFinder.getWebElement(ElementFinder.java:101)\n\tat com.codeborne.selenide.impl.WebElementSource.checkConditionAndReturnElement(WebElementSource.java:91)\n\t... 13 more\n","flaky":false,"newFailed":false,"newBroken":false,"newPassed":false,"retriesCount":9,"retriesStatusChange":true,"beforeStages":[],"afterStages":[],"labels":[{"name":"junit.platform.uniqueid","value":"[engine:junit-jupiter]/[class:test_suite6.tests.DataInputTest]/[method:testDataInputSubmission()]"},{"name":"feature","value":"Data Input Component"},{"name":"epic","value":"Vaadin Sampler"},{"name":"host","value":"halof-3.local"},{"name":"thread","value":"70091@halof-3.local.main(3)"},{"name":"framework","value":"junit-platform"},{"name":"language","value":"java"},{"name":"package","value":"test_suite6.tests.DataInputTest"},{"name":"testClass","value":"test_suite6.tests.DataInputTest"},{"name":"testMethod","value":"testDataInputSubmission"},{"name":"suite","value":"test_suite6.tests.DataInputTest"},{"name":"resultFormat","value":"allure2"}],"parameters":[],"links":[],"hidden":false,"retry":false,"extra":{"severity":"normal","retries":[{"uid":"d3a0d699cff7c690","status":"failed","statusDetails":"Element not found {By.xpath: //button[contains(text(), 'Submit')]}\nExpected: visible\nScreenshot: file:/Users/halof/Documents/Java/ficha5_selenium/build/reports/tests/1764690586702.0.png\nPage source: file:/Users/halof/Documents/Java/ficha5_selenium/build/reports/tests/1764690586702.0.html\nTimeout: 15 s.\nCaused by: NoSuchElementException: no such element: Unable to locate element: {\"method\":\"xpath\",\"selector\":\"//button[contains(text(), 'Submit')]\"}","time":{"start":1764690568005,"stop":1764690586955,"duration":18950}},{"uid":"8d5289aee419f475","status":"failed","statusDetails":"Element not found {.v-richtextarea}\nExpected: visible\nScreenshot: file:/Users/halof/Documents/Java/ficha5_selenium/build/reports/tests/1764690488588.0.png\nPage source: file:/Users/halof/Documents/Java/ficha5_selenium/build/reports/tests/1764690488588.0.html\nTimeout: 10 s.\nCaused by: NoSuchElementException: no such element: Unable to locate element: {\"method\":\"css selector\",\"selector\":\".v-richtextarea\"}","time":{"start":1764690475489,"stop":1764690488844,"duration":13355}},{"uid":"4f984fdc734c4bf0","status":"failed","statusDetails":"Element not found {.gwt-RichTextArea}\nExpected: exist\nScreenshot: file:/Users/halof/Documents/Java/ficha5_selenium/build/reports/tests/1764690396515.0.png\nPage source: file:/Users/halof/Documents/Java/ficha5_selenium/build/reports/tests/1764690396515.0.html\nTimeout: 4 s.\nCaused by: NoSuchElementException: no such element: Unable to locate element: {\"method\":\"css selector\",\"selector\":\".gwt-RichTextArea\"}","time":{"start":1764690388778,"stop":1764690396757,"duration":7979}},{"uid":"9a9f0e1326901006","status":"failed","statusDetails":"Element not found {.v-richtextarea iframe}\nExpected: exist\nScreenshot: file:/Users/halof/Documents/Java/ficha5_selenium/build/reports/tests/1764690317531.0.png\nPage source: file:/Users/halof/Documents/Java/ficha5_selenium/build/reports/tests/1764690317531.0.html\nTimeout: 4 s.\nCaused by: NoSuchElementException: no such element: Unable to locate element: {\"method\":\"css selector\",\"selector\":\".v-richtextarea iframe\"}","time":{"start":1764690309330,"stop":1764690317794,"duration":8464}},{"uid":"be88416685decbae","status":"failed","statusDetails":"Element not found {textarea}\nExpected: editable\nScreenshot: file:/Users/halof/Documents/Java/ficha5_selenium/build/reports/tests/1764690212689.0.png\nPage source: file:/Users/halof/Documents/Java/ficha5_selenium/build/reports/tests/1764690212689.0.html\nTimeout: 4 s.\nCaused by: NoSuchElementException: no such element: Unable to locate element: {\"method\":\"css selector\",\"selector\":\"textarea\"}","time":{"start":1764690204750,"stop":1764690212941,"duration":8191}},{"uid":"e3d3522ebf887d6c","status":"failed","statusDetails":"Element not found {iframe.demo-frame}\nExpected: exist\nScreenshot: file:/Users/halof/Documents/Java/ficha5_selenium/build/reports/tests/1764689814418.0.png\nPage source: file:/Users/halof/Documents/Java/ficha5_selenium/build/reports/tests/1764689814418.0.html\nTimeout: 4 s.\nCaused by: NoSuchElementException: no such element: Unable to locate element: {\"method\":\"css selector\",\"selector\":\"iframe.demo-frame\"}","time":{"start":1764689806852,"stop":1764689814662,"duration":7810}},{"uid":"20cf97e5b937a1c9","status":"failed","statusDetails":"Element not found {#gwt-uid-3}\nExpected: editable\nScreenshot: file:/Users/halof/Documents/Java/ficha5_selenium/build/reports/tests/1764689702089.0.png\nPage source: file:/Users/halof/Documents/Java/ficha5_selenium/build/reports/tests/1764689702089.0.html\nTimeout: 4 s.\nCaused by: NoSuchElementException: no such element: Unable to locate element: {\"method\":\"css selector\",\"selector\":\"#gwt-uid-3\"}","time":{"start":1764689694845,"stop":1764689702497,"duration":7652}},{"uid":"12b50d9b75bfb1d5","status":"broken","statusDetails":"Can not set com.codeborne.selenide.SelenideElement field test_suite6.pages.DataInputPage.nameField to jdk.proxy1.$Proxy19","time":{"start":1764689614175,"stop":1764689619927,"duration":5752}},{"uid":"92addf41ddfdde06","status":"broken","statusDetails":"No webdriver is bound to current thread: 3. You need to call open(url) first.","time":{"start":1764689567530,"stop":1764689567570,"duration":40}}],"categories":[{"name":"Product defects","matchedStatuses":[]}],"tags":[]},"source":"c964a118df5239b5.json","parameterValues":[]}